<?xml version="1.0" encoding="UTF-8"?>
<!-- Generated by org.testng.reporters.JUnitReportReporter -->
<testsuite skipped="0" hostname="LAPTOP-V1TVQAS7" name="Annotations.Anotationlist" tests="1" failures="0" timestamp="2022-10-15T12:59:12 IST" time="0.010" errors="0">
  <testcase name="f5" time="0.010" classname="Annotations.Anotationlist"/>
  <system-out/>
</testsuite> <!-- Annotations.Anotationlist -->
