<?xml version="1.0" encoding="UTF-8"?>
<!-- Generated by org.testng.reporters.JUnitReportReporter -->
<testsuite skipped="0" hostname="LAPTOP-V1TVQAS7" name="Annotations.Anotation1" tests="1" failures="0" timestamp="2022-09-30T16:17:43 IST" time="0.011" errors="0">
  <testcase name="Createtask" time="0.011" classname="Annotations.Anotation1"/>
  <system-out/>
</testsuite> <!-- Annotations.Anotation1 -->
