<?xml version="1.0" encoding="UTF-8"?>
<!-- Generated by org.testng.reporters.JUnitReportReporter -->
<testsuite skipped="0" hostname="LAPTOP-V1TVQAS7" name="Annotations.ClasslabelAnotation" tests="5" failures="0" timestamp="2022-10-15T13:01:59 IST" time="0.000" errors="0">
  <testcase name="Testcase1" time="0.000" classname="Annotations.ClasslabelAnotation"/>
  <system-out/>
  <testcase name="Testcase5" time="0.000" classname="Annotations.ClasslabelAnotation"/>
  <system-out/>
  <testcase name="Testcase3" time="0.000" classname="Annotations.ClasslabelAnotation"/>
  <system-out/>
  <testcase name="Testcase2" time="0.000" classname="Annotations.ClasslabelAnotation"/>
  <system-out/>
  <testcase name="Testcase4" time="0.000" classname="Annotations.ClasslabelAnotation"/>
  <system-out/>
</testsuite> <!-- Annotations.ClasslabelAnotation -->
