<?xml version="1.0" encoding="UTF-8"?>
<!-- Generated by org.testng.reporters.JUnitReportReporter -->
<testsuite skipped="0" hostname="LAPTOP-V1TVQAS7" name="Annotations.IncludeAndExcludeTestcase" tests="3" failures="0" timestamp="2022-10-15T13:02:31 IST" time="0.000" errors="0">
  <testcase name="addEmployeeTestCase" time="0.000" classname="Annotations.IncludeAndExcludeTestcase"/>
  <system-out/>
  <testcase name="addLocationTestCase" time="0.000" classname="Annotations.IncludeAndExcludeTestcase"/>
  <system-out/>
  <testcase name="addDepartmentTestCase" time="0.000" classname="Annotations.IncludeAndExcludeTestcase"/>
  <system-out/>
</testsuite> <!-- Annotations.IncludeAndExcludeTestcase -->
