<?xml version="1.0" encoding="UTF-8"?>
<!-- Generated by org.testng.reporters.JUnitReportReporter -->
<testsuite skipped="0" hostname="LAPTOP-V1TVQAS7" name="Annotations.Anotation2" tests="2" failures="0" timestamp="2022-09-30T16:18:15 IST" time="0.005" errors="0">
  <testcase name="taskCreation" time="0.000" classname="Annotations.Anotation2"/>
  <system-out/>
  <testcase name="deleteTask" time="0.005" classname="Annotations.Anotation2"/>
  <system-out/>
</testsuite> <!-- Annotations.Anotation2 -->
