<?xml version="1.0" encoding="UTF-8"?>
<!-- Generated by org.testng.reporters.JUnitReportReporter -->
<testsuite skipped="0" hostname="LAPTOP-V1TVQAS7" name="AdvancetestNG.IncludeExcludeTest" tests="4" failures="0" timestamp="2022-10-15T13:18:25 IST" time="0.015" errors="0">
  <testcase name="AddDepartmentalTestCase" time="0.000" classname="AdvancetestNG.IncludeExcludeTest"/>
  <system-out/>
  <testcase name="AddCollaborationTestCase" time="0.015" classname="AdvancetestNG.IncludeExcludeTest"/>
  <system-out/>
  <testcase name="AddResistrationTestCase" time="0.000" classname="AdvancetestNG.IncludeExcludeTest"/>
  <system-out/>
  <testcase name="AddLocationTestCase" time="0.000" classname="AdvancetestNG.IncludeExcludeTest"/>
  <system-out/>
</testsuite> <!-- AdvancetestNG.IncludeExcludeTest -->
