<?xml version="1.0" encoding="UTF-8"?>
<!-- Generated by org.testng.reporters.JUnitReportReporter -->
<testsuite skipped="0" hostname="LAPTOP-V1TVQAS7" name="SamplePageObject.Actitimelogin" tests="1" failures="0" timestamp="2022-10-16T20:26:32 IST" time="20.661" errors="0">
  <testcase name="testActitimelogin" time="20.661" classname="SamplePageObject.Actitimelogin"/>
  <system-out>
    <![CDATA[title validation completed]]>
  </system-out>
</testsuite> <!-- SamplePageObject.Actitimelogin -->
