<?xml version="1.0" encoding="UTF-8"?>
<!-- Generated by org.testng.reporters.JUnitReportReporter -->
<testsuite skipped="0" hostname="LAPTOP-V1TVQAS7" name="Annotations.Annotation3" tests="2" failures="0" timestamp="2022-09-30T16:15:50 IST" time="0.015" errors="0">
  <testcase name="taskcreation" time="0.000" classname="Annotations.Annotation3"/>
  <system-out/>
  <testcase name="deletetask" time="0.015" classname="Annotations.Annotation3"/>
  <system-out/>
</testsuite> <!-- Annotations.Annotation3 -->
