<?xml version="1.0" encoding="UTF-8"?>
<!-- Generated by org.testng.reporters.JUnitReportReporter -->
<testsuite skipped="0" hostname="LAPTOP-V1TVQAS7" name="AdvancetestNG.GroupExample" tests="5" failures="0" timestamp="2022-10-15T13:18:25 IST" time="0.015" errors="0">
  <testcase name="TestCase2" time="0.000" classname="AdvancetestNG.GroupExample"/>
  <system-out/>
  <testcase name="TestCase1" time="0.015" classname="AdvancetestNG.GroupExample"/>
  <system-out/>
  <testcase name="TestCase4" time="0.000" classname="AdvancetestNG.GroupExample"/>
  <system-out/>
  <testcase name="TestCase3" time="0.000" classname="AdvancetestNG.GroupExample"/>
  <system-out/>
  <testcase name="TestCase5" time="0.000" classname="AdvancetestNG.GroupExample"/>
  <system-out/>
</testsuite> <!-- AdvancetestNG.GroupExample -->
