<?xml version="1.0" encoding="UTF-8"?>
<!-- Generated by org.testng.reporters.JUnitReportReporter -->
<testsuite skipped="0" hostname="LAPTOP-V1TVQAS7" name="SamplePageObject.ActitimeReportCreation" tests="1" failures="0" timestamp="2022-10-17T21:59:24 IST" time="15.664" errors="0">
  <testcase name="actitimeReportMethod" time="15.664" classname="SamplePageObject.ActitimeReportCreation"/>
  <system-out>
    <![CDATA[workdone successfully]]>
  </system-out>
</testsuite> <!-- SamplePageObject.ActitimeReportCreation -->
