<?xml version="1.0" encoding="UTF-8"?>
<!-- Generated by org.testng.reporters.JUnitReportReporter -->
<testsuite skipped="0" hostname="LAPTOP-V1TVQAS7" name="ParelleleExecution.ParallelExecutionForMethod" tests="2" failures="0" timestamp="2022-10-15T14:00:16 IST" time="0.016" errors="0">
  <testcase name="TestCase1" time="0.016" classname="ParelleleExecution.ParallelExecutionForMethod"/>
  <system-out/>
  <testcase name="TestCase2" time="0.000" classname="ParelleleExecution.ParallelExecutionForMethod"/>
  <system-out/>
</testsuite> <!-- ParelleleExecution.ParallelExecutionForMethod -->
