<?xml version="1.0" encoding="UTF-8"?>
<!-- Generated by org.testng.reporters.JUnitReportReporter -->
<testsuite skipped="0" hostname="LAPTOP-V1TVQAS7" name="SamplePageObject.TestLoginPage" tests="1" failures="0" timestamp="2022-09-28T16:32:30 IST" time="39.131" errors="0">
  <testcase name="testVtigerLogin" time="39.131" classname="SamplePageObject.TestLoginPage"/>
  <system-out/>
</testsuite> <!-- SamplePageObject.TestLoginPage -->
